09:21:23,667 root INFO Running DinoPay
09:21:38,705 root INFO Running DinoPay
09:21:51,29 root INFO Running DinoPay
09:21:57,294 root ERROR main exception:name 'FilePath' is not defined
09:22:26,203 root INFO Running DinoPay
09:22:32,95 root ERROR main exception:name 'FilePath' is not defined
09:22:35,442 root INFO Running DinoPay
09:23:45,856 root INFO Running DinoPay
09:23:52,658 root ERROR main exception:name 'os' is not defined
09:26:50,535 root INFO Running DinoPay
09:27:00,809 root ERROR main exception:name 'os' is not defined
09:27:06,265 root INFO Running DinoPay
09:27:27,751 root INFO Running DinoPay
09:27:33,277 root ERROR main exception:name 'io' is not defined
09:29:46,548 root INFO Running DinoPay
09:32:22,351 root INFO Running DinoPay
09:33:36,381 root INFO Running DinoPay
09:44:13,859 root INFO Running DinoPay
09:44:43,445 root INFO Running DinoPay
09:45:09,102 root INFO Running DinoPay
09:48:23,317 root INFO Running DinoPay
09:49:31,564 root INFO Running DinoPay
09:49:38,653 root INFO Running DinoPay
09:51:17,902 root INFO Running DinoPay
09:58:34,265 root INFO Running DinoPay
10:17:58,865 root INFO Running DinoPay
10:18:19,694 root INFO Running DinoPay
10:19:32,275 root INFO Running DinoPay
10:19:55,920 root INFO Running DinoPay
10:20:12,733 root INFO Running DinoPay
10:28:33,870 root INFO Running DinoPay
10:29:55,170 root INFO Running DinoPay
10:30:57,868 root INFO Running DinoPay
10:31:12,864 root INFO Running DinoPay
10:32:15,105 root INFO Running DinoPay
10:32:45,890 root INFO Running DinoPay
10:34:18,598 root INFO Running DinoPay
10:34:50,472 root INFO Running DinoPay
10:36:04,573 root INFO Running DinoPay
10:38:47,280 root INFO Running DinoPay
10:39:20,632 root INFO Running DinoPay
10:39:36,426 root INFO Running DinoPay
10:44:09,660 root INFO Running DinoPay
10:44:27,508 root INFO Running DinoPay
10:44:40,39 root INFO Running DinoPay
10:44:40,164 PIL.PngImagePlugin DEBUG STREAM b'IHDR' 16 13
10:44:40,164 PIL.PngImagePlugin DEBUG STREAM b'sRGB' 41 1
10:44:40,164 PIL.PngImagePlugin DEBUG STREAM b'gAMA' 54 4
10:44:40,164 PIL.PngImagePlugin DEBUG STREAM b'pHYs' 70 9
10:44:40,165 PIL.PngImagePlugin DEBUG STREAM b'tEXt' 91 24
10:44:40,165 PIL.PngImagePlugin DEBUG STREAM b'IDAT' 127 65409
10:48:43,267 root INFO Running DinoPay
10:49:35,914 root INFO Running DinoPay
10:51:07,808 root INFO Running DinoPay
10:51:29,43 root INFO Running DinoPay
10:51:39,773 root INFO Running DinoPay
10:51:53,185 root INFO Running DinoPay
10:52:48,884 root INFO Running DinoPay
16:08:33,15 root INFO Running DinoPay
16:09:13,806 root INFO Running DinoPay
16:09:30,284 root INFO Running DinoPay
16:09:42,170 root INFO Running DinoPay
16:10:03,989 root INFO Running DinoPay
16:10:39,106 root INFO Running DinoPay
16:11:04,731 root INFO Running DinoPay
16:11:38,988 root INFO Running DinoPay
16:12:01,574 root INFO Running DinoPay
16:12:23,7 root INFO Running DinoPay
16:15:50,97 root INFO Running DinoPay
16:15:50,496 PIL.PngImagePlugin DEBUG STREAM b'IHDR' 16 13
16:15:50,496 PIL.PngImagePlugin DEBUG STREAM b'sRGB' 41 1
16:15:50,496 PIL.PngImagePlugin DEBUG STREAM b'gAMA' 54 4
16:15:50,497 PIL.PngImagePlugin DEBUG STREAM b'pHYs' 70 9
16:15:50,497 PIL.PngImagePlugin DEBUG STREAM b'tEXt' 91 24
16:15:50,497 PIL.PngImagePlugin DEBUG STREAM b'IDAT' 127 65409
16:16:01,161 root INFO Running DinoPay
16:16:01,288 PIL.PngImagePlugin DEBUG STREAM b'IHDR' 16 13
16:16:01,289 PIL.PngImagePlugin DEBUG STREAM b'sRGB' 41 1
16:16:01,289 PIL.PngImagePlugin DEBUG STREAM b'gAMA' 54 4
16:16:01,289 PIL.PngImagePlugin DEBUG STREAM b'pHYs' 70 9
16:16:01,289 PIL.PngImagePlugin DEBUG STREAM b'tEXt' 91 24
16:16:01,289 PIL.PngImagePlugin DEBUG STREAM b'IDAT' 127 65409
16:17:03,391 root INFO Running DinoPay
16:17:03,518 PIL.PngImagePlugin DEBUG STREAM b'IHDR' 16 13
16:17:03,518 PIL.PngImagePlugin DEBUG STREAM b'sRGB' 41 1
16:17:03,519 PIL.PngImagePlugin DEBUG STREAM b'gAMA' 54 4
16:17:03,519 PIL.PngImagePlugin DEBUG STREAM b'pHYs' 70 9
16:17:03,519 PIL.PngImagePlugin DEBUG STREAM b'tEXt' 91 24
16:17:03,519 PIL.PngImagePlugin DEBUG STREAM b'IDAT' 127 65409
16:17:12,519 root INFO Running DinoPay
16:17:12,646 PIL.PngImagePlugin DEBUG STREAM b'IHDR' 16 13
16:17:12,646 PIL.PngImagePlugin DEBUG STREAM b'sRGB' 41 1
16:17:12,646 PIL.PngImagePlugin DEBUG STREAM b'gAMA' 54 4
16:17:12,647 PIL.PngImagePlugin DEBUG STREAM b'pHYs' 70 9
16:17:12,647 PIL.PngImagePlugin DEBUG STREAM b'tEXt' 91 24
16:17:12,647 PIL.PngImagePlugin DEBUG STREAM b'IDAT' 127 65409
16:17:30,574 root INFO Running DinoPay
16:17:30,704 PIL.PngImagePlugin DEBUG STREAM b'IHDR' 16 13
16:17:30,704 PIL.PngImagePlugin DEBUG STREAM b'sRGB' 41 1
16:17:30,705 PIL.PngImagePlugin DEBUG STREAM b'gAMA' 54 4
16:17:30,705 PIL.PngImagePlugin DEBUG STREAM b'pHYs' 70 9
16:17:30,705 PIL.PngImagePlugin DEBUG STREAM b'tEXt' 91 24
16:17:30,705 PIL.PngImagePlugin DEBUG STREAM b'IDAT' 127 65409
16:18:03,304 root INFO Running DinoPay
16:18:03,437 PIL.PngImagePlugin DEBUG STREAM b'IHDR' 16 13
16:18:03,437 PIL.PngImagePlugin DEBUG STREAM b'sRGB' 41 1
16:18:03,438 PIL.PngImagePlugin DEBUG STREAM b'gAMA' 54 4
16:18:03,438 PIL.PngImagePlugin DEBUG STREAM b'pHYs' 70 9
16:18:03,438 PIL.PngImagePlugin DEBUG STREAM b'tEXt' 91 24
16:18:03,438 PIL.PngImagePlugin DEBUG STREAM b'IDAT' 127 65409
16:18:10,439 root INFO Running DinoPay
16:18:10,574 PIL.PngImagePlugin DEBUG STREAM b'IHDR' 16 13
16:18:10,574 PIL.PngImagePlugin DEBUG STREAM b'sRGB' 41 1
16:18:10,574 PIL.PngImagePlugin DEBUG STREAM b'gAMA' 54 4
16:18:10,574 PIL.PngImagePlugin DEBUG STREAM b'pHYs' 70 9
16:18:10,574 PIL.PngImagePlugin DEBUG STREAM b'tEXt' 91 24
16:18:10,574 PIL.PngImagePlugin DEBUG STREAM b'IDAT' 127 65409
16:19:46,736 root INFO Running DinoPay
16:20:12,868 root INFO Running DinoPay
16:20:52,122 root INFO Running DinoPay
16:21:44,389 root INFO Running DinoPay
16:22:10,812 root INFO Running DinoPay
16:22:54,197 root INFO Running DinoPay
10:41:58,686 root INFO Running DinoPay
10:41:59,384 PIL.PngImagePlugin DEBUG STREAM b'IHDR' 16 13
10:41:59,385 PIL.PngImagePlugin DEBUG STREAM b'sRGB' 41 1
10:41:59,385 PIL.PngImagePlugin DEBUG STREAM b'gAMA' 54 4
10:41:59,385 PIL.PngImagePlugin DEBUG STREAM b'pHYs' 70 9
10:41:59,385 PIL.PngImagePlugin DEBUG STREAM b'tEXt' 91 24
10:41:59,385 PIL.PngImagePlugin DEBUG STREAM b'IDAT' 127 65409
10:42:21,201 root INFO Running DinoPay
10:42:21,332 PIL.PngImagePlugin DEBUG STREAM b'IHDR' 16 13
10:42:21,332 PIL.PngImagePlugin DEBUG STREAM b'sRGB' 41 1
10:42:21,332 PIL.PngImagePlugin DEBUG STREAM b'gAMA' 54 4
10:42:21,332 PIL.PngImagePlugin DEBUG STREAM b'pHYs' 70 9
10:42:21,333 PIL.PngImagePlugin DEBUG STREAM b'tEXt' 91 24
10:42:21,333 PIL.PngImagePlugin DEBUG STREAM b'IDAT' 127 65409
10:42:21,657 PIL.PngImagePlugin DEBUG STREAM b'IHDR' 16 13
10:42:21,658 PIL.PngImagePlugin DEBUG STREAM b'sRGB' 41 1
10:42:21,658 PIL.PngImagePlugin DEBUG STREAM b'gAMA' 54 4
10:42:21,658 PIL.PngImagePlugin DEBUG STREAM b'pHYs' 70 9
10:42:21,658 PIL.PngImagePlugin DEBUG STREAM b'tEXt' 91 24
10:42:21,658 PIL.PngImagePlugin DEBUG STREAM b'IDAT' 127 65409
10:42:35,105 root INFO Running DinoPay
10:42:35,239 PIL.PngImagePlugin DEBUG STREAM b'IHDR' 16 13
10:42:35,239 PIL.PngImagePlugin DEBUG STREAM b'sRGB' 41 1
10:42:35,239 PIL.PngImagePlugin DEBUG STREAM b'gAMA' 54 4
10:42:35,240 PIL.PngImagePlugin DEBUG STREAM b'pHYs' 70 9
10:42:35,240 PIL.PngImagePlugin DEBUG STREAM b'tEXt' 91 24
10:42:35,240 PIL.PngImagePlugin DEBUG STREAM b'IDAT' 127 65409
10:42:35,568 PIL.PngImagePlugin DEBUG STREAM b'IHDR' 16 13
10:42:35,568 PIL.PngImagePlugin DEBUG STREAM b'sRGB' 41 1
10:42:35,569 PIL.PngImagePlugin DEBUG STREAM b'gAMA' 54 4
10:42:35,569 PIL.PngImagePlugin DEBUG STREAM b'pHYs' 70 9
10:42:35,569 PIL.PngImagePlugin DEBUG STREAM b'tEXt' 91 24
10:42:35,569 PIL.PngImagePlugin DEBUG STREAM b'IDAT' 127 65409
10:44:08,390 root INFO Running DinoPay
10:44:08,517 PIL.PngImagePlugin DEBUG STREAM b'IHDR' 16 13
10:44:08,517 PIL.PngImagePlugin DEBUG STREAM b'gAMA' 41 4
10:44:08,517 PIL.PngImagePlugin DEBUG STREAM b'pHYs' 57 9
10:44:08,518 PIL.PngImagePlugin DEBUG STREAM b'tEXt' 78 24
10:44:08,518 PIL.PngImagePlugin DEBUG STREAM b'IDAT' 114 6116
10:44:08,533 PIL.PngImagePlugin DEBUG STREAM b'IHDR' 16 13
10:44:08,534 PIL.PngImagePlugin DEBUG STREAM b'gAMA' 41 4
10:44:08,534 PIL.PngImagePlugin DEBUG STREAM b'pHYs' 57 9
10:44:08,534 PIL.PngImagePlugin DEBUG STREAM b'tEXt' 78 24
10:44:08,534 PIL.PngImagePlugin DEBUG STREAM b'IDAT' 114 6116
10:44:39,398 root INFO Running DinoPay
10:44:39,531 PIL.PngImagePlugin DEBUG STREAM b'IHDR' 16 13
10:44:39,531 PIL.PngImagePlugin DEBUG STREAM b'gAMA' 41 4
10:44:39,532 PIL.PngImagePlugin DEBUG STREAM b'pHYs' 57 9
10:44:39,532 PIL.PngImagePlugin DEBUG STREAM b'tEXt' 78 24
10:44:39,532 PIL.PngImagePlugin DEBUG STREAM b'IDAT' 114 6116
10:44:39,547 PIL.PngImagePlugin DEBUG STREAM b'IHDR' 16 13
10:44:39,548 PIL.PngImagePlugin DEBUG STREAM b'gAMA' 41 4
10:44:39,548 PIL.PngImagePlugin DEBUG STREAM b'pHYs' 57 9
10:44:39,548 PIL.PngImagePlugin DEBUG STREAM b'tEXt' 78 24
10:44:39,548 PIL.PngImagePlugin DEBUG STREAM b'IDAT' 114 6116
10:47:06,694 root INFO Running DinoPay
10:47:06,825 PIL.PngImagePlugin DEBUG STREAM b'IHDR' 16 13
10:47:06,825 PIL.PngImagePlugin DEBUG STREAM b'gAMA' 41 4
10:47:06,825 PIL.PngImagePlugin DEBUG STREAM b'pHYs' 57 9
10:47:06,825 PIL.PngImagePlugin DEBUG STREAM b'tEXt' 78 24
10:47:06,825 PIL.PngImagePlugin DEBUG STREAM b'IDAT' 114 6116
10:47:19,743 root INFO Running DinoPay
10:47:19,871 PIL.PngImagePlugin DEBUG STREAM b'IHDR' 16 13
10:47:19,871 PIL.PngImagePlugin DEBUG STREAM b'gAMA' 41 4
10:47:19,871 PIL.PngImagePlugin DEBUG STREAM b'pHYs' 57 9
10:47:19,871 PIL.PngImagePlugin DEBUG STREAM b'tEXt' 78 24
10:47:19,872 PIL.PngImagePlugin DEBUG STREAM b'IDAT' 114 6116
10:47:51,526 root INFO Running DinoPay
10:47:51,651 PIL.PngImagePlugin DEBUG STREAM b'IHDR' 16 13
10:47:51,651 PIL.PngImagePlugin DEBUG STREAM b'gAMA' 41 4
10:47:51,652 PIL.PngImagePlugin DEBUG STREAM b'pHYs' 57 9
10:47:51,652 PIL.PngImagePlugin DEBUG STREAM b'tEXt' 78 24
10:47:51,652 PIL.PngImagePlugin DEBUG STREAM b'IDAT' 114 6116
10:48:51,413 root INFO Running DinoPay
10:48:51,540 PIL.PngImagePlugin DEBUG STREAM b'IHDR' 16 13
10:48:51,541 PIL.PngImagePlugin DEBUG STREAM b'gAMA' 41 4
10:48:51,541 PIL.PngImagePlugin DEBUG STREAM b'pHYs' 57 9
10:48:51,541 PIL.PngImagePlugin DEBUG STREAM b'tEXt' 78 24
10:48:51,541 PIL.PngImagePlugin DEBUG STREAM b'IDAT' 114 6116
10:49:39,296 root INFO Running DinoPay
10:49:39,424 PIL.PngImagePlugin DEBUG STREAM b'IHDR' 16 13
10:49:39,424 PIL.PngImagePlugin DEBUG STREAM b'gAMA' 41 4
10:49:39,424 PIL.PngImagePlugin DEBUG STREAM b'pHYs' 57 9
10:49:39,425 PIL.PngImagePlugin DEBUG STREAM b'tEXt' 78 24
10:49:39,425 PIL.PngImagePlugin DEBUG STREAM b'IDAT' 114 6116
10:50:11,282 root INFO Running DinoPay
10:50:11,421 PIL.PngImagePlugin DEBUG STREAM b'IHDR' 16 13
10:50:11,421 PIL.PngImagePlugin DEBUG STREAM b'gAMA' 41 4
10:50:11,421 PIL.PngImagePlugin DEBUG STREAM b'pHYs' 57 9
10:50:11,421 PIL.PngImagePlugin DEBUG STREAM b'tEXt' 78 24
10:50:11,422 PIL.PngImagePlugin DEBUG STREAM b'IDAT' 114 6116
10:50:52,51 root INFO Running DinoPay
10:50:52,176 PIL.PngImagePlugin DEBUG STREAM b'IHDR' 16 13
10:50:52,177 PIL.PngImagePlugin DEBUG STREAM b'gAMA' 41 4
10:50:52,177 PIL.PngImagePlugin DEBUG STREAM b'pHYs' 57 9
10:50:52,177 PIL.PngImagePlugin DEBUG STREAM b'tEXt' 78 24
10:50:52,177 PIL.PngImagePlugin DEBUG STREAM b'IDAT' 114 6116
10:51:47,761 root INFO Running DinoPay
10:51:47,887 PIL.PngImagePlugin DEBUG STREAM b'IHDR' 16 13
10:51:47,887 PIL.PngImagePlugin DEBUG STREAM b'gAMA' 41 4
10:51:47,888 PIL.PngImagePlugin DEBUG STREAM b'pHYs' 57 9
10:51:47,888 PIL.PngImagePlugin DEBUG STREAM b'tEXt' 78 24
10:51:47,888 PIL.PngImagePlugin DEBUG STREAM b'IDAT' 114 6116
10:52:26,516 root INFO Running DinoPay
10:52:26,641 PIL.PngImagePlugin DEBUG STREAM b'IHDR' 16 13
10:52:26,641 PIL.PngImagePlugin DEBUG STREAM b'gAMA' 41 4
10:52:26,642 PIL.PngImagePlugin DEBUG STREAM b'pHYs' 57 9
10:52:26,642 PIL.PngImagePlugin DEBUG STREAM b'tEXt' 78 24
10:52:26,642 PIL.PngImagePlugin DEBUG STREAM b'IDAT' 114 6116
10:52:36,521 root INFO Running DinoPay
10:52:36,655 PIL.PngImagePlugin DEBUG STREAM b'IHDR' 16 13
10:52:36,656 PIL.PngImagePlugin DEBUG STREAM b'gAMA' 41 4
10:52:36,656 PIL.PngImagePlugin DEBUG STREAM b'pHYs' 57 9
10:52:36,656 PIL.PngImagePlugin DEBUG STREAM b'tEXt' 78 24
10:52:36,656 PIL.PngImagePlugin DEBUG STREAM b'IDAT' 114 6116
10:53:00,256 root INFO Running DinoPay
10:53:00,386 PIL.PngImagePlugin DEBUG STREAM b'IHDR' 16 13
10:53:00,387 PIL.PngImagePlugin DEBUG STREAM b'gAMA' 41 4
10:53:00,387 PIL.PngImagePlugin DEBUG STREAM b'pHYs' 57 9
10:53:00,387 PIL.PngImagePlugin DEBUG STREAM b'tEXt' 78 24
10:53:00,388 PIL.PngImagePlugin DEBUG STREAM b'IDAT' 114 6116
10:56:41,399 root INFO Running DinoPay
10:56:41,524 PIL.PngImagePlugin DEBUG STREAM b'IHDR' 16 13
10:56:41,524 PIL.PngImagePlugin DEBUG STREAM b'gAMA' 41 4
10:56:41,524 PIL.PngImagePlugin DEBUG STREAM b'pHYs' 57 9
10:56:41,525 PIL.PngImagePlugin DEBUG STREAM b'tEXt' 78 24
10:56:41,525 PIL.PngImagePlugin DEBUG STREAM b'IDAT' 114 6116
10:57:35,848 root INFO Running DinoPay
10:57:35,970 PIL.PngImagePlugin DEBUG STREAM b'IHDR' 16 13
10:57:35,971 PIL.PngImagePlugin DEBUG STREAM b'gAMA' 41 4
10:57:35,971 PIL.PngImagePlugin DEBUG STREAM b'pHYs' 57 9
10:57:35,971 PIL.PngImagePlugin DEBUG STREAM b'tEXt' 78 24
10:57:35,971 PIL.PngImagePlugin DEBUG STREAM b'IDAT' 114 6116
10:57:47,552 root INFO Running DinoPay
10:57:47,678 PIL.PngImagePlugin DEBUG STREAM b'IHDR' 16 13
10:57:47,678 PIL.PngImagePlugin DEBUG STREAM b'gAMA' 41 4
10:57:47,678 PIL.PngImagePlugin DEBUG STREAM b'pHYs' 57 9
10:57:47,678 PIL.PngImagePlugin DEBUG STREAM b'tEXt' 78 24
10:57:47,679 PIL.PngImagePlugin DEBUG STREAM b'IDAT' 114 6116
10:57:58,660 root INFO Running DinoPay
10:57:58,785 PIL.PngImagePlugin DEBUG STREAM b'IHDR' 16 13
10:57:58,785 PIL.PngImagePlugin DEBUG STREAM b'gAMA' 41 4
10:57:58,785 PIL.PngImagePlugin DEBUG STREAM b'pHYs' 57 9
10:57:58,785 PIL.PngImagePlugin DEBUG STREAM b'tEXt' 78 24
10:57:58,786 PIL.PngImagePlugin DEBUG STREAM b'IDAT' 114 6116
10:59:01,485 root INFO Running DinoPay
10:59:01,624 PIL.PngImagePlugin DEBUG STREAM b'IHDR' 16 13
10:59:01,624 PIL.PngImagePlugin DEBUG STREAM b'gAMA' 41 4
10:59:01,624 PIL.PngImagePlugin DEBUG STREAM b'pHYs' 57 9
10:59:01,624 PIL.PngImagePlugin DEBUG STREAM b'tEXt' 78 24
10:59:01,624 PIL.PngImagePlugin DEBUG STREAM b'IDAT' 114 6116
10:59:51,786 root INFO Running DinoPay
10:59:51,920 PIL.PngImagePlugin DEBUG STREAM b'IHDR' 16 13
10:59:51,920 PIL.PngImagePlugin DEBUG STREAM b'gAMA' 41 4
10:59:51,920 PIL.PngImagePlugin DEBUG STREAM b'pHYs' 57 9
10:59:51,920 PIL.PngImagePlugin DEBUG STREAM b'tEXt' 78 24
10:59:51,920 PIL.PngImagePlugin DEBUG STREAM b'IDAT' 114 6116
11:02:19,227 root INFO Running DinoPay
11:02:19,906 PIL.PngImagePlugin DEBUG STREAM b'IHDR' 16 13
11:02:19,906 PIL.PngImagePlugin DEBUG STREAM b'gAMA' 41 4
11:02:19,906 PIL.PngImagePlugin DEBUG STREAM b'pHYs' 57 9
11:02:19,906 PIL.PngImagePlugin DEBUG STREAM b'tEXt' 78 24
11:02:19,906 PIL.PngImagePlugin DEBUG STREAM b'IDAT' 114 6116
11:02:47,889 root INFO Running DinoPay
11:02:48,19 PIL.PngImagePlugin DEBUG STREAM b'IHDR' 16 13
11:02:48,19 PIL.PngImagePlugin DEBUG STREAM b'gAMA' 41 4
11:02:48,20 PIL.PngImagePlugin DEBUG STREAM b'pHYs' 57 9
11:02:48,20 PIL.PngImagePlugin DEBUG STREAM b'tEXt' 78 24
11:02:48,20 PIL.PngImagePlugin DEBUG STREAM b'IDAT' 114 6116
11:03:59,356 root INFO Running DinoPay
11:03:59,483 PIL.PngImagePlugin DEBUG STREAM b'IHDR' 16 13
11:03:59,483 PIL.PngImagePlugin DEBUG STREAM b'gAMA' 41 4
11:03:59,483 PIL.PngImagePlugin DEBUG STREAM b'pHYs' 57 9
11:03:59,484 PIL.PngImagePlugin DEBUG STREAM b'tEXt' 78 24
11:03:59,484 PIL.PngImagePlugin DEBUG STREAM b'IDAT' 114 6116
11:06:16,137 root INFO Running DinoPay
11:06:16,267 PIL.PngImagePlugin DEBUG STREAM b'IHDR' 16 13
11:06:16,267 PIL.PngImagePlugin DEBUG STREAM b'gAMA' 41 4
11:06:16,267 PIL.PngImagePlugin DEBUG STREAM b'pHYs' 57 9
11:06:16,268 PIL.PngImagePlugin DEBUG STREAM b'tEXt' 78 24
11:06:16,268 PIL.PngImagePlugin DEBUG STREAM b'IDAT' 114 13453
11:06:51,735 root INFO Running DinoPay
11:06:51,858 PIL.PngImagePlugin DEBUG STREAM b'IHDR' 16 13
11:06:51,858 PIL.PngImagePlugin DEBUG STREAM b'gAMA' 41 4
11:06:51,858 PIL.PngImagePlugin DEBUG STREAM b'pHYs' 57 9
11:06:51,858 PIL.PngImagePlugin DEBUG STREAM b'tEXt' 78 24
11:06:51,858 PIL.PngImagePlugin DEBUG STREAM b'IDAT' 114 13453
11:07:05,96 root INFO Running DinoPay
11:07:05,226 PIL.PngImagePlugin DEBUG STREAM b'IHDR' 16 13
11:07:05,226 PIL.PngImagePlugin DEBUG STREAM b'gAMA' 41 4
11:07:05,226 PIL.PngImagePlugin DEBUG STREAM b'pHYs' 57 9
11:07:05,226 PIL.PngImagePlugin DEBUG STREAM b'tEXt' 78 24
11:07:05,226 PIL.PngImagePlugin DEBUG STREAM b'IDAT' 114 13453
11:07:21,324 root INFO Running DinoPay
11:07:21,455 PIL.PngImagePlugin DEBUG STREAM b'IHDR' 16 13
11:07:21,456 PIL.PngImagePlugin DEBUG STREAM b'gAMA' 41 4
11:07:21,456 PIL.PngImagePlugin DEBUG STREAM b'pHYs' 57 9
11:07:21,456 PIL.PngImagePlugin DEBUG STREAM b'tEXt' 78 24
11:07:21,456 PIL.PngImagePlugin DEBUG STREAM b'IDAT' 114 13453
01:24:24,891 root INFO Running DinoPay
01:24:25,185 PIL.PngImagePlugin DEBUG STREAM b'IHDR' 16 13
01:24:25,186 PIL.PngImagePlugin DEBUG STREAM b'gAMA' 41 4
01:24:25,186 PIL.PngImagePlugin DEBUG STREAM b'pHYs' 57 9
01:24:25,186 PIL.PngImagePlugin DEBUG STREAM b'tEXt' 78 24
01:24:25,186 PIL.PngImagePlugin DEBUG STREAM b'IDAT' 114 13453
01:25:20,514 root INFO Running DinoPay
01:25:20,664 PIL.PngImagePlugin DEBUG STREAM b'IHDR' 16 13
01:25:20,664 PIL.PngImagePlugin DEBUG STREAM b'gAMA' 41 4
01:25:20,665 PIL.PngImagePlugin DEBUG STREAM b'pHYs' 57 9
01:25:20,665 PIL.PngImagePlugin DEBUG STREAM b'tEXt' 78 24
01:25:20,665 PIL.PngImagePlugin DEBUG STREAM b'IDAT' 114 13453
01:27:29,775 root INFO Running DinoPay
01:27:29,912 PIL.PngImagePlugin DEBUG STREAM b'IHDR' 16 13
01:27:29,913 PIL.PngImagePlugin DEBUG STREAM b'gAMA' 41 4
01:27:29,913 PIL.PngImagePlugin DEBUG STREAM b'pHYs' 57 9
01:27:29,913 PIL.PngImagePlugin DEBUG STREAM b'tEXt' 78 24
01:27:29,913 PIL.PngImagePlugin DEBUG STREAM b'IDAT' 114 13453
01:27:42,123 root INFO Running DinoPay
01:27:42,265 PIL.PngImagePlugin DEBUG STREAM b'IHDR' 16 13
01:27:42,265 PIL.PngImagePlugin DEBUG STREAM b'gAMA' 41 4
01:27:42,265 PIL.PngImagePlugin DEBUG STREAM b'pHYs' 57 9
01:27:42,266 PIL.PngImagePlugin DEBUG STREAM b'tEXt' 78 24
01:27:42,266 PIL.PngImagePlugin DEBUG STREAM b'IDAT' 114 13453
01:27:56,969 root INFO Running DinoPay
01:27:57,108 PIL.PngImagePlugin DEBUG STREAM b'IHDR' 16 13
01:27:57,108 PIL.PngImagePlugin DEBUG STREAM b'gAMA' 41 4
01:27:57,108 PIL.PngImagePlugin DEBUG STREAM b'pHYs' 57 9
01:27:57,108 PIL.PngImagePlugin DEBUG STREAM b'tEXt' 78 24
01:27:57,108 PIL.PngImagePlugin DEBUG STREAM b'IDAT' 114 13453
01:28:21,936 root INFO Running DinoPay
01:28:22,96 PIL.PngImagePlugin DEBUG STREAM b'IHDR' 16 13
01:28:22,96 PIL.PngImagePlugin DEBUG STREAM b'gAMA' 41 4
01:28:22,97 PIL.PngImagePlugin DEBUG STREAM b'pHYs' 57 9
01:28:22,97 PIL.PngImagePlugin DEBUG STREAM b'tEXt' 78 24
01:28:22,97 PIL.PngImagePlugin DEBUG STREAM b'IDAT' 114 13453
01:29:42,386 root INFO Running DinoPay
01:29:42,522 PIL.PngImagePlugin DEBUG STREAM b'IHDR' 16 13
01:29:42,522 PIL.PngImagePlugin DEBUG STREAM b'gAMA' 41 4
01:29:42,522 PIL.PngImagePlugin DEBUG STREAM b'pHYs' 57 9
01:29:42,522 PIL.PngImagePlugin DEBUG STREAM b'tEXt' 78 24
01:29:42,523 PIL.PngImagePlugin DEBUG STREAM b'IDAT' 114 13453
01:29:58,756 root INFO Running DinoPay
01:29:58,911 PIL.PngImagePlugin DEBUG STREAM b'IHDR' 16 13
01:29:58,912 PIL.PngImagePlugin DEBUG STREAM b'gAMA' 41 4
01:29:58,912 PIL.PngImagePlugin DEBUG STREAM b'pHYs' 57 9
01:29:58,912 PIL.PngImagePlugin DEBUG STREAM b'tEXt' 78 24
01:29:58,912 PIL.PngImagePlugin DEBUG STREAM b'IDAT' 114 13453
01:33:09,121 root INFO Running DinoPay
01:33:09,253 PIL.PngImagePlugin DEBUG STREAM b'IHDR' 16 13
01:33:09,253 PIL.PngImagePlugin DEBUG STREAM b'gAMA' 41 4
01:33:09,253 PIL.PngImagePlugin DEBUG STREAM b'pHYs' 57 9
01:33:09,253 PIL.PngImagePlugin DEBUG STREAM b'tEXt' 78 24
01:33:09,253 PIL.PngImagePlugin DEBUG STREAM b'IDAT' 114 13453
01:33:32,722 root INFO Running DinoPay
01:33:32,898 PIL.PngImagePlugin DEBUG STREAM b'IHDR' 16 13
01:33:32,898 PIL.PngImagePlugin DEBUG STREAM b'gAMA' 41 4
01:33:32,898 PIL.PngImagePlugin DEBUG STREAM b'pHYs' 57 9
01:33:32,898 PIL.PngImagePlugin DEBUG STREAM b'tEXt' 78 24
01:33:32,898 PIL.PngImagePlugin DEBUG STREAM b'IDAT' 114 13453
01:34:15,751 root INFO Running DinoPay
01:34:15,886 PIL.PngImagePlugin DEBUG STREAM b'IHDR' 16 13
01:34:15,887 PIL.PngImagePlugin DEBUG STREAM b'gAMA' 41 4
01:34:15,887 PIL.PngImagePlugin DEBUG STREAM b'pHYs' 57 9
01:34:15,887 PIL.PngImagePlugin DEBUG STREAM b'tEXt' 78 24
01:34:15,887 PIL.PngImagePlugin DEBUG STREAM b'IDAT' 114 13453
01:34:28,997 root INFO Running DinoPay
01:34:29,136 PIL.PngImagePlugin DEBUG STREAM b'IHDR' 16 13
01:34:29,136 PIL.PngImagePlugin DEBUG STREAM b'gAMA' 41 4
01:34:29,137 PIL.PngImagePlugin DEBUG STREAM b'pHYs' 57 9
01:34:29,137 PIL.PngImagePlugin DEBUG STREAM b'tEXt' 78 24
01:34:29,137 PIL.PngImagePlugin DEBUG STREAM b'IDAT' 114 13453
01:35:01,952 root INFO Running DinoPay
01:35:02,93 PIL.PngImagePlugin DEBUG STREAM b'IHDR' 16 13
01:35:02,93 PIL.PngImagePlugin DEBUG STREAM b'gAMA' 41 4
01:35:02,93 PIL.PngImagePlugin DEBUG STREAM b'pHYs' 57 9
01:35:02,93 PIL.PngImagePlugin DEBUG STREAM b'tEXt' 78 24
01:35:02,94 PIL.PngImagePlugin DEBUG STREAM b'IDAT' 114 13453
01:35:34,896 root INFO Running DinoPay
01:35:35,28 PIL.PngImagePlugin DEBUG STREAM b'IHDR' 16 13
01:35:35,28 PIL.PngImagePlugin DEBUG STREAM b'gAMA' 41 4
01:35:35,28 PIL.PngImagePlugin DEBUG STREAM b'pHYs' 57 9
01:35:35,29 PIL.PngImagePlugin DEBUG STREAM b'tEXt' 78 24
01:35:35,29 PIL.PngImagePlugin DEBUG STREAM b'IDAT' 114 13453
01:36:53,162 root INFO Running DinoPay
01:36:53,298 PIL.PngImagePlugin DEBUG STREAM b'IHDR' 16 13
01:36:53,298 PIL.PngImagePlugin DEBUG STREAM b'gAMA' 41 4
01:36:53,298 PIL.PngImagePlugin DEBUG STREAM b'pHYs' 57 9
01:36:53,298 PIL.PngImagePlugin DEBUG STREAM b'tEXt' 78 24
01:36:53,298 PIL.PngImagePlugin DEBUG STREAM b'IDAT' 114 13453
01:37:07,716 root INFO Running DinoPay
01:37:07,847 PIL.PngImagePlugin DEBUG STREAM b'IHDR' 16 13
01:37:07,847 PIL.PngImagePlugin DEBUG STREAM b'gAMA' 41 4
01:37:07,847 PIL.PngImagePlugin DEBUG STREAM b'pHYs' 57 9
01:37:07,847 PIL.PngImagePlugin DEBUG STREAM b'tEXt' 78 24
01:37:07,847 PIL.PngImagePlugin DEBUG STREAM b'IDAT' 114 13453
01:37:26,782 root INFO Running DinoPay
01:37:26,912 PIL.PngImagePlugin DEBUG STREAM b'IHDR' 16 13
01:37:26,913 PIL.PngImagePlugin DEBUG STREAM b'gAMA' 41 4
01:37:26,913 PIL.PngImagePlugin DEBUG STREAM b'pHYs' 57 9
01:37:26,913 PIL.PngImagePlugin DEBUG STREAM b'tEXt' 78 24
01:37:26,914 PIL.PngImagePlugin DEBUG STREAM b'IDAT' 114 13453
01:37:48,958 root INFO Running DinoPay
01:37:49,99 PIL.PngImagePlugin DEBUG STREAM b'IHDR' 16 13
01:37:49,99 PIL.PngImagePlugin DEBUG STREAM b'gAMA' 41 4
01:37:49,99 PIL.PngImagePlugin DEBUG STREAM b'pHYs' 57 9
01:37:49,100 PIL.PngImagePlugin DEBUG STREAM b'tEXt' 78 24
01:37:49,100 PIL.PngImagePlugin DEBUG STREAM b'IDAT' 114 13453
01:47:13,784 root INFO Running DinoPay
01:47:17,428 PIL.PngImagePlugin DEBUG STREAM b'IHDR' 16 13
01:47:17,429 PIL.PngImagePlugin DEBUG STREAM b'gAMA' 41 4
01:47:17,429 PIL.PngImagePlugin DEBUG STREAM b'pHYs' 57 9
01:47:17,429 PIL.PngImagePlugin DEBUG STREAM b'tEXt' 78 24
01:47:17,429 PIL.PngImagePlugin DEBUG STREAM b'IDAT' 114 13453
01:47:56,225 root INFO Running DinoPay
01:47:56,358 PIL.PngImagePlugin DEBUG STREAM b'IHDR' 16 13
01:47:56,358 PIL.PngImagePlugin DEBUG STREAM b'gAMA' 41 4
01:47:56,358 PIL.PngImagePlugin DEBUG STREAM b'pHYs' 57 9
01:47:56,358 PIL.PngImagePlugin DEBUG STREAM b'tEXt' 78 24
01:47:56,359 PIL.PngImagePlugin DEBUG STREAM b'IDAT' 114 13453
01:51:02,596 root INFO Running DinoPay
01:51:28,943 root INFO Running DinoPay
01:51:29,80 PIL.PngImagePlugin DEBUG STREAM b'IHDR' 16 13
01:51:29,80 PIL.PngImagePlugin DEBUG STREAM b'gAMA' 41 4
01:51:29,80 PIL.PngImagePlugin DEBUG STREAM b'pHYs' 57 9
01:51:29,80 PIL.PngImagePlugin DEBUG STREAM b'tEXt' 78 24
01:51:29,81 PIL.PngImagePlugin DEBUG STREAM b'IDAT' 114 13453
01:52:12,611 root INFO Running DinoPay
01:52:12,742 PIL.PngImagePlugin DEBUG STREAM b'IHDR' 16 13
01:52:12,742 PIL.PngImagePlugin DEBUG STREAM b'gAMA' 41 4
01:52:12,743 PIL.PngImagePlugin DEBUG STREAM b'pHYs' 57 9
01:52:12,743 PIL.PngImagePlugin DEBUG STREAM b'tEXt' 78 24
01:52:12,743 PIL.PngImagePlugin DEBUG STREAM b'IDAT' 114 13453
01:53:16,599 root INFO Running DinoPay
01:53:16,734 PIL.PngImagePlugin DEBUG STREAM b'IHDR' 16 13
01:53:16,735 PIL.PngImagePlugin DEBUG STREAM b'gAMA' 41 4
01:53:16,735 PIL.PngImagePlugin DEBUG STREAM b'pHYs' 57 9
01:53:16,735 PIL.PngImagePlugin DEBUG STREAM b'tEXt' 78 24
01:53:16,735 PIL.PngImagePlugin DEBUG STREAM b'IDAT' 114 13453
01:53:19,537 urllib3.connectionpool DEBUG Starting new HTTPS connection (1): sandprod-pos2.mobilepay.dk:443
01:53:19,802 urllib3.connectionpool DEBUG https://sandprod-pos2.mobilepay.dk:443 "POST /API/V08/PaymentStart HTTP/1.1" 400 62
01:53:32,10 root INFO Running DinoPay
01:53:32,150 PIL.PngImagePlugin DEBUG STREAM b'IHDR' 16 13
01:53:32,150 PIL.PngImagePlugin DEBUG STREAM b'gAMA' 41 4
01:53:32,150 PIL.PngImagePlugin DEBUG STREAM b'pHYs' 57 9
01:53:32,150 PIL.PngImagePlugin DEBUG STREAM b'tEXt' 78 24
01:53:32,151 PIL.PngImagePlugin DEBUG STREAM b'IDAT' 114 13453
01:53:41,670 urllib3.connectionpool DEBUG Starting new HTTPS connection (1): sandprod-pos2.mobilepay.dk:443
01:53:41,873 urllib3.connectionpool DEBUG https://sandprod-pos2.mobilepay.dk:443 "POST /API/V08/PaymentStart HTTP/1.1" 400 62
01:56:20,95 root INFO Running DinoPay
01:57:17,14 root INFO Running DinoPay
01:57:38,605 root INFO Running DinoPay
01:58:03,598 root INFO Running DinoPay
01:58:03,599 root INFO Connecting iomodule ip 192.168.1.200
01:58:16,795 root INFO Running DinoPay
01:58:16,796 root INFO Connecting iomodule ip 192.168.1.200
01:58:16,939 PIL.PngImagePlugin DEBUG STREAM b'IHDR' 16 13
01:58:16,939 PIL.PngImagePlugin DEBUG STREAM b'gAMA' 41 4
01:58:16,939 PIL.PngImagePlugin DEBUG STREAM b'pHYs' 57 9
01:58:16,939 PIL.PngImagePlugin DEBUG STREAM b'tEXt' 78 24
01:58:16,939 PIL.PngImagePlugin DEBUG STREAM b'IDAT' 114 13453
01:58:26,473 urllib3.connectionpool DEBUG Starting new HTTPS connection (1): sandprod-pos2.mobilepay.dk:443
01:58:26,707 urllib3.connectionpool DEBUG https://sandprod-pos2.mobilepay.dk:443 "POST /API/V08/PaymentStart HTTP/1.1" 400 62
08:52:20,118 root INFO Running DinoPay
08:52:20,123 root INFO Connecting iomodule ip 192.168.1.200
08:52:20,856 PIL.PngImagePlugin DEBUG STREAM b'IHDR' 16 13
08:52:20,856 PIL.PngImagePlugin DEBUG STREAM b'gAMA' 41 4
08:52:20,857 PIL.PngImagePlugin DEBUG STREAM b'pHYs' 57 9
08:52:20,857 PIL.PngImagePlugin DEBUG STREAM b'tEXt' 78 24
08:52:20,857 PIL.PngImagePlugin DEBUG STREAM b'IDAT' 114 13453
