2019-12-20 19:37:01,200 INFO <module>(805) Running DinoPay
2019-12-20 19:37:01,200 INFO <module>(806) Reading Setupfile
2019-12-20 19:37:01,441 INFO connect(39) -----------Network Connected------------
2019-12-20 19:37:01,526 INFO __init__(107) WinInfoGeo Info Screen high: 1200Screen width: 1600
2019-12-20 19:37:01,780 INFO setupadammodule(390) Connecting iomodule ip 192.168.1.200
2019-12-20 19:37:01,781 INFO setupadammodule(398) Connecting status: None
2019-12-20 19:37:01,782 INFO setup_mp(438) Connecting Mobile pay 
2019-12-20 19:37:01,783 INFO setup_mp(443) RegisterPOS
2019-12-20 19:37:02,786 INFO setup_mp(451) AssignPos100000625947428
2019-12-20 19:37:03,030 INFO setup_mp(456) True
2019-12-20 19:39:58,332 INFO <module>(805) Running DinoPay
2019-12-20 19:39:58,333 INFO <module>(806) Reading Setupfile
2019-12-20 19:39:58,565 INFO connect(39) -----------Network Connected------------
2019-12-20 19:39:58,657 INFO __init__(107) WinInfoGeo Info Screen high: 1200Screen width: 1600
2019-12-20 19:39:58,813 INFO setupadammodule(390) Connecting iomodule ip 192.168.1.200
2019-12-20 19:39:58,814 INFO setupadammodule(398) Connecting status: None
2019-12-20 19:39:58,815 INFO setup_mp(438) Connecting Mobile pay 
2019-12-20 19:39:58,815 INFO setup_mp(443) RegisterPOS
2019-12-20 19:39:59,569 INFO setup_mp(451) AssignPos100000625947428
2019-12-20 19:39:59,785 INFO setup_mp(456) True
2019-12-20 19:40:42,611 INFO <module>(805) Running DinoPay
2019-12-20 19:40:42,611 INFO <module>(806) Reading Setupfile
2019-12-20 19:40:42,849 INFO connect(39) -----------Network Connected------------
2019-12-20 19:40:42,936 INFO __init__(107) WinInfoGeo Info Screen high: 1200Screen width: 1600
2019-12-20 19:40:43,112 INFO setupadammodule(390) Connecting iomodule ip 192.168.1.200
2019-12-20 19:40:43,113 INFO setupadammodule(398) Connecting status: None
2019-12-20 19:40:43,114 INFO setup_mp(438) Connecting Mobile pay 
2019-12-20 19:40:43,114 INFO setup_mp(443) RegisterPOS
2019-12-20 19:40:44,161 INFO setup_mp(451) AssignPos100000625947428
2019-12-20 19:40:44,421 INFO setup_mp(456) True
